<?xml version="1.0" encoding="UTF-8"?>
<coverage generated="1716142730321" clover="3.2.0">
  <project timestamp="1716142730321" name="All files">
    <metrics statements="247" coveredstatements="169" conditionals="58" coveredconditionals="26" methods="48" coveredmethods="28" elements="353" coveredelements="223" complexity="0" loc="247" ncloc="247" packages="1" files="5" classes="5"/>
    <file name="addNewTenant.js" path="C:\Users\Khodani\SD-Project-repo-1\src\addNewTenant.js">
      <metrics statements="28" coveredstatements="18" conditionals="10" coveredconditionals="6" methods="6" coveredmethods="3"/>
      <line num="6" count="5" type="stmt"/>
      <line num="7" count="5" type="stmt"/>
      <line num="8" count="5" type="stmt"/>
      <line num="9" count="5" type="stmt"/>
      <line num="11" count="5" type="cond" truecount="2" falsecount="0"/>
      <line num="12" count="2" type="stmt"/>
      <line num="15" count="2" type="stmt"/>
      <line num="17" count="3" type="cond" truecount="2" falsecount="0"/>
      <line num="18" count="2" type="stmt"/>
      <line num="19" count="2" type="stmt"/>
      <line num="23" count="1" type="stmt"/>
      <line num="33" count="1" type="stmt"/>
      <line num="41" count="1" type="cond" truecount="1" falsecount="1"/>
      <line num="42" count="0" type="stmt"/>
      <line num="44" count="1" type="stmt"/>
      <line num="47" count="1" type="cond" truecount="1" falsecount="1"/>
      <line num="49" count="1" type="stmt"/>
      <line num="52" count="0" type="stmt"/>
      <line num="58" count="0" type="stmt"/>
      <line num="59" count="0" type="cond" truecount="0" falsecount="2"/>
      <line num="61" count="0" type="stmt"/>
      <line num="69" count="1" type="stmt"/>
      <line num="70" count="0" type="stmt"/>
      <line num="71" count="0" type="stmt"/>
      <line num="73" count="0" type="stmt"/>
      <line num="74" count="0" type="stmt"/>
      <line num="77" count="0" type="stmt"/>
      <line num="84" count="1" type="stmt"/>
    </file>
    <file name="adminActions.js" path="C:\Users\Khodani\SD-Project-repo-1\src\adminActions.js">
      <metrics statements="88" coveredstatements="59" conditionals="34" coveredconditionals="15" methods="9" coveredmethods="5"/>
      <line num="393" count="4" type="stmt"/>
      <line num="394" count="4" type="stmt"/>
      <line num="395" count="2" type="stmt"/>
      <line num="396" count="2" type="stmt"/>
      <line num="398" count="2" type="stmt"/>
      <line num="399" count="2" type="cond" truecount="2" falsecount="0"/>
      <line num="400" count="1" type="stmt"/>
      <line num="402" count="1" type="stmt"/>
      <line num="403" count="1" type="cond" truecount="1" falsecount="1"/>
      <line num="404" count="0" type="stmt"/>
      <line num="406" count="0" type="stmt"/>
      <line num="409" count="1" type="stmt"/>
      <line num="410" count="2" type="stmt"/>
      <line num="411" count="2" type="stmt"/>
      <line num="413" count="2" type="stmt"/>
      <line num="419" count="2" type="stmt"/>
      <line num="422" count="3" type="stmt"/>
      <line num="430" count="4" type="cond" truecount="1" falsecount="1"/>
      <line num="431" count="4" type="stmt"/>
      <line num="433" count="4" type="stmt"/>
      <line num="437" count="3" type="cond" truecount="1" falsecount="1"/>
      <line num="439" count="2" type="stmt"/>
      <line num="440" count="2" type="stmt"/>
      <line num="442" count="2" type="stmt"/>
      <line num="443" count="2" type="cond" truecount="1" falsecount="1"/>
      <line num="444" count="0" type="stmt"/>
      <line num="446" count="2" type="stmt"/>
      <line num="448" count="2" type="stmt"/>
      <line num="449" count="2" type="cond" truecount="0" falsecount="2"/>
      <line num="450" count="0" type="stmt"/>
      <line num="451" count="0" type="stmt"/>
      <line num="455" count="0" type="stmt"/>
      <line num="459" count="4" type="stmt"/>
      <line num="469" count="1" type="stmt"/>
      <line num="472" count="1" type="stmt"/>
      <line num="473" count="1" type="cond" truecount="1" falsecount="1"/>
      <line num="474" count="1" type="stmt"/>
      <line num="475" count="1" type="cond" truecount="1" falsecount="1"/>
      <line num="476" count="1" type="stmt"/>
      <line num="477" count="1" type="cond" truecount="1" falsecount="1"/>
      <line num="478" count="1" type="stmt"/>
      <line num="479" count="1" type="cond" truecount="1" falsecount="1"/>
      <line num="482" count="1" type="stmt"/>
      <line num="485" count="1" type="stmt"/>
      <line num="486" count="0" type="cond" truecount="0" falsecount="2"/>
      <line num="487" count="0" type="stmt"/>
      <line num="488" count="0" type="stmt"/>
      <line num="492" count="1" type="cond" truecount="1" falsecount="1"/>
      <line num="493" count="0" type="stmt"/>
      <line num="495" count="0" type="stmt"/>
      <line num="496" count="0" type="stmt"/>
      <line num="498" count="1" type="cond" truecount="1" falsecount="1"/>
      <line num="499" count="1" type="stmt"/>
      <line num="504" count="1" type="stmt"/>
      <line num="512" count="1" type="stmt"/>
      <line num="513" count="1" type="stmt"/>
      <line num="521" count="1" type="cond" truecount="1" falsecount="1"/>
      <line num="522" count="0" type="stmt"/>
      <line num="525" count="1" type="stmt"/>
      <line num="527" count="1" type="cond" truecount="1" falsecount="1"/>
      <line num="529" count="1" type="stmt"/>
      <line num="530" count="1" type="stmt"/>
      <line num="532" count="0" type="cond" truecount="0" falsecount="2"/>
      <line num="534" count="0" type="stmt"/>
      <line num="538" count="0" type="stmt"/>
      <line num="541" count="0" type="stmt"/>
      <line num="545" count="1" type="stmt"/>
      <line num="546" count="0" type="stmt"/>
      <line num="547" count="0" type="stmt"/>
      <line num="549" count="0" type="stmt"/>
      <line num="550" count="0" type="stmt"/>
      <line num="552" count="0" type="stmt"/>
      <line num="556" count="1" type="stmt"/>
      <line num="557" count="0" type="stmt"/>
      <line num="561" count="2" type="stmt"/>
      <line num="562" count="2" type="stmt"/>
      <line num="563" count="2" type="cond" truecount="1" falsecount="1"/>
      <line num="564" count="0" type="stmt"/>
      <line num="566" count="1" type="stmt"/>
      <line num="567" count="1" type="stmt"/>
      <line num="568" count="1" type="stmt"/>
      <line num="570" count="0" type="stmt"/>
      <line num="571" count="0" type="stmt"/>
      <line num="572" count="0" type="stmt"/>
      <line num="574" count="0" type="stmt"/>
      <line num="582" count="0" type="stmt"/>
      <line num="585" count="2" type="stmt"/>
      <line num="590" count="1" type="stmt"/>
    </file>
    <file name="finesIssued.js" path="C:\Users\Khodani\SD-Project-repo-1\src\finesIssued.js">
      <metrics statements="38" coveredstatements="31" conditionals="4" coveredconditionals="2" methods="10" coveredmethods="6"/>
      <line num="3" count="0" type="stmt"/>
      <line num="5" count="0" type="cond" truecount="0" falsecount="2"/>
      <line num="6" count="0" type="stmt"/>
      <line num="8" count="0" type="stmt"/>
      <line num="12" count="0" type="stmt"/>
      <line num="13" count="0" type="stmt"/>
      <line num="17" count="0" type="stmt"/>
      <line num="26" count="2" type="stmt"/>
      <line num="27" count="2" type="stmt"/>
      <line num="30" count="2" type="stmt"/>
      <line num="34" count="2" type="stmt"/>
      <line num="35" count="2" type="stmt"/>
      <line num="38" count="2" type="stmt"/>
      <line num="41" count="2" type="stmt"/>
      <line num="44" count="2" type="stmt"/>
      <line num="47" count="2" type="stmt"/>
      <line num="70" count="2" type="stmt"/>
      <line num="71" count="2" type="stmt"/>
      <line num="74" count="2" type="stmt"/>
      <line num="77" count="2" type="stmt"/>
      <line num="78" count="2" type="stmt"/>
      <line num="81" count="2" type="stmt"/>
      <line num="84" count="2" type="stmt"/>
      <line num="85" count="10" type="stmt"/>
      <line num="86" count="10" type="stmt"/>
      <line num="87" count="10" type="stmt"/>
      <line num="91" count="2" type="stmt"/>
      <line num="94" count="2" type="stmt"/>
      <line num="96" count="2" type="stmt"/>
      <line num="99" count="2" type="stmt"/>
      <line num="100" count="10" type="stmt"/>
      <line num="101" count="10" type="cond" truecount="2" falsecount="0"/>
      <line num="103" count="2" type="stmt"/>
      <line num="105" count="8" type="stmt"/>
      <line num="107" count="10" type="stmt"/>
      <line num="111" count="2" type="stmt"/>
      <line num="115" count="2" type="stmt"/>
      <line num="118" count="1" type="stmt"/>
    </file>
    <file name="mainFeedback.js" path="C:\Users\Khodani\SD-Project-repo-1\src\mainFeedback.js">
      <metrics statements="48" coveredstatements="27" conditionals="6" coveredconditionals="2" methods="11" coveredmethods="6"/>
      <line num="2" count="1" type="stmt"/>
      <line num="4" count="1" type="cond" truecount="1" falsecount="1"/>
      <line num="5" count="1" type="stmt"/>
      <line num="7" count="0" type="stmt"/>
      <line num="11" count="1" type="stmt"/>
      <line num="12" count="1" type="stmt"/>
      <line num="15" count="1" type="stmt"/>
      <line num="18" count="0" type="stmt"/>
      <line num="26" count="4" type="stmt"/>
      <line num="29" count="4" type="stmt"/>
      <line num="32" count="4" type="stmt"/>
      <line num="33" count="7" type="stmt"/>
      <line num="34" count="7" type="stmt"/>
      <line num="35" count="7" type="stmt"/>
      <line num="38" count="7" type="stmt"/>
      <line num="41" count="7" type="stmt"/>
      <line num="42" count="7" type="stmt"/>
      <line num="43" count="7" type="stmt"/>
      <line num="44" count="7" type="stmt"/>
      <line num="45" count="0" type="stmt"/>
      <line num="46" count="0" type="stmt"/>
      <line num="48" count="0" type="stmt"/>
      <line num="52" count="7" type="stmt"/>
      <line num="55" count="7" type="stmt"/>
      <line num="60" count="0" type="stmt"/>
      <line num="61" count="0" type="stmt"/>
      <line num="64" count="0" type="stmt"/>
      <line num="65" count="0" type="stmt"/>
      <line num="66" count="0" type="stmt"/>
      <line num="69" count="0" type="stmt"/>
      <line num="70" count="0" type="stmt"/>
      <line num="71" count="0" type="stmt"/>
      <line num="72" count="0" type="stmt"/>
      <line num="73" count="0" type="stmt"/>
      <line num="76" count="0" type="stmt"/>
      <line num="79" count="0" type="stmt"/>
      <line num="83" count="0" type="stmt"/>
      <line num="84" count="0" type="cond" truecount="0" falsecount="2"/>
      <line num="85" count="0" type="stmt"/>
      <line num="91" count="2" type="stmt"/>
      <line num="92" count="2" type="stmt"/>
      <line num="100" count="1" type="cond" truecount="1" falsecount="1"/>
      <line num="101" count="0" type="stmt"/>
      <line num="104" count="1" type="stmt"/>
      <line num="105" count="1" type="stmt"/>
      <line num="108" count="1" type="stmt"/>
      <line num="110" count="1" type="stmt"/>
      <line num="114" count="1" type="stmt"/>
    </file>
    <file name="maintainStaff.js" path="C:\Users\Khodani\SD-Project-repo-1\src\maintainStaff.js">
      <metrics statements="45" coveredstatements="34" conditionals="4" coveredconditionals="1" methods="12" coveredmethods="8"/>
      <line num="4" count="1" type="stmt"/>
      <line num="6" count="1" type="cond" truecount="1" falsecount="1"/>
      <line num="7" count="1" type="stmt"/>
      <line num="9" count="0" type="stmt"/>
      <line num="13" count="1" type="stmt"/>
      <line num="14" count="1" type="stmt"/>
      <line num="17" count="1" type="stmt"/>
      <line num="20" count="0" type="stmt"/>
      <line num="25" count="2" type="stmt"/>
      <line num="28" count="2" type="stmt"/>
      <line num="31" count="2" type="stmt"/>
      <line num="32" count="4" type="stmt"/>
      <line num="33" count="4" type="stmt"/>
      <line num="34" count="4" type="stmt"/>
      <line num="37" count="4" type="stmt"/>
      <line num="40" count="4" type="stmt"/>
      <line num="52" count="1" type="stmt"/>
      <line num="55" count="1" type="stmt"/>
      <line num="58" count="1" type="stmt"/>
      <line num="59" count="2" type="stmt"/>
      <line num="60" count="2" type="stmt"/>
      <line num="61" count="2" type="stmt"/>
      <line num="64" count="2" type="stmt"/>
      <line num="67" count="2" type="stmt"/>
      <line num="68" count="2" type="stmt"/>
      <line num="69" count="2" type="stmt"/>
      <line num="70" count="2" type="stmt"/>
      <line num="71" count="0" type="stmt"/>
      <line num="72" count="0" type="stmt"/>
      <line num="74" count="0" type="stmt"/>
      <line num="78" count="2" type="stmt"/>
      <line num="81" count="2" type="stmt"/>
      <line num="86" count="1" type="stmt"/>
      <line num="87" count="1" type="stmt"/>
      <line num="90" count="1" type="stmt"/>
      <line num="91" count="1" type="stmt"/>
      <line num="94" count="1" type="stmt"/>
      <line num="95" count="0" type="stmt"/>
      <line num="96" count="0" type="stmt"/>
      <line num="99" count="0" type="stmt"/>
      <line num="102" count="0" type="stmt"/>
      <line num="106" count="1" type="stmt"/>
      <line num="107" count="0" type="cond" truecount="0" falsecount="2"/>
      <line num="108" count="0" type="stmt"/>
      <line num="113" count="1" type="stmt"/>
    </file>
  </project>
</coverage>
