<?xml version="1.0" encoding="UTF-8"?>
<coverage generated="1716140950360" clover="3.2.0">
  <project timestamp="1716140950360" name="All files">
    <metrics statements="111" coveredstatements="83" conditionals="18" coveredconditionals="9" methods="28" coveredmethods="17" elements="157" coveredelements="109" complexity="0" loc="111" ncloc="111" packages="1" files="3" classes="3"/>
    <file name="addNewTenant.js" path="C:\Users\Khodani\SD-Project-repo-1\src\addNewTenant.js">
      <metrics statements="28" coveredstatements="18" conditionals="10" coveredconditionals="6" methods="6" coveredmethods="3"/>
      <line num="6" count="5" type="stmt"/>
      <line num="7" count="5" type="stmt"/>
      <line num="8" count="5" type="stmt"/>
      <line num="9" count="5" type="stmt"/>
      <line num="11" count="5" type="cond" truecount="2" falsecount="0"/>
      <line num="12" count="2" type="stmt"/>
      <line num="15" count="2" type="stmt"/>
      <line num="17" count="3" type="cond" truecount="2" falsecount="0"/>
      <line num="18" count="2" type="stmt"/>
      <line num="19" count="2" type="stmt"/>
      <line num="23" count="1" type="stmt"/>
      <line num="33" count="1" type="stmt"/>
      <line num="41" count="1" type="cond" truecount="1" falsecount="1"/>
      <line num="42" count="0" type="stmt"/>
      <line num="44" count="1" type="stmt"/>
      <line num="47" count="1" type="cond" truecount="1" falsecount="1"/>
      <line num="49" count="1" type="stmt"/>
      <line num="52" count="0" type="stmt"/>
      <line num="58" count="0" type="stmt"/>
      <line num="59" count="0" type="cond" truecount="0" falsecount="2"/>
      <line num="61" count="0" type="stmt"/>
      <line num="69" count="1" type="stmt"/>
      <line num="70" count="0" type="stmt"/>
      <line num="71" count="0" type="stmt"/>
      <line num="73" count="0" type="stmt"/>
      <line num="74" count="0" type="stmt"/>
      <line num="77" count="0" type="stmt"/>
      <line num="84" count="1" type="stmt"/>
    </file>
    <file name="finesIssued.js" path="C:\Users\Khodani\SD-Project-repo-1\src\finesIssued.js">
      <metrics statements="38" coveredstatements="31" conditionals="4" coveredconditionals="2" methods="10" coveredmethods="6"/>
      <line num="3" count="0" type="stmt"/>
      <line num="5" count="0" type="cond" truecount="0" falsecount="2"/>
      <line num="6" count="0" type="stmt"/>
      <line num="8" count="0" type="stmt"/>
      <line num="12" count="0" type="stmt"/>
      <line num="13" count="0" type="stmt"/>
      <line num="17" count="0" type="stmt"/>
      <line num="26" count="2" type="stmt"/>
      <line num="27" count="2" type="stmt"/>
      <line num="30" count="2" type="stmt"/>
      <line num="34" count="2" type="stmt"/>
      <line num="35" count="2" type="stmt"/>
      <line num="38" count="2" type="stmt"/>
      <line num="41" count="2" type="stmt"/>
      <line num="44" count="2" type="stmt"/>
      <line num="47" count="2" type="stmt"/>
      <line num="70" count="2" type="stmt"/>
      <line num="71" count="2" type="stmt"/>
      <line num="74" count="2" type="stmt"/>
      <line num="77" count="2" type="stmt"/>
      <line num="78" count="2" type="stmt"/>
      <line num="81" count="2" type="stmt"/>
      <line num="84" count="2" type="stmt"/>
      <line num="85" count="10" type="stmt"/>
      <line num="86" count="10" type="stmt"/>
      <line num="87" count="10" type="stmt"/>
      <line num="91" count="2" type="stmt"/>
      <line num="94" count="2" type="stmt"/>
      <line num="96" count="2" type="stmt"/>
      <line num="99" count="2" type="stmt"/>
      <line num="100" count="10" type="stmt"/>
      <line num="101" count="10" type="cond" truecount="2" falsecount="0"/>
      <line num="103" count="2" type="stmt"/>
      <line num="105" count="8" type="stmt"/>
      <line num="107" count="10" type="stmt"/>
      <line num="111" count="2" type="stmt"/>
      <line num="115" count="2" type="stmt"/>
      <line num="118" count="1" type="stmt"/>
    </file>
    <file name="maintainStaff.js" path="C:\Users\Khodani\SD-Project-repo-1\src\maintainStaff.js">
      <metrics statements="45" coveredstatements="34" conditionals="4" coveredconditionals="1" methods="12" coveredmethods="8"/>
      <line num="4" count="1" type="stmt"/>
      <line num="6" count="1" type="cond" truecount="1" falsecount="1"/>
      <line num="7" count="1" type="stmt"/>
      <line num="9" count="0" type="stmt"/>
      <line num="13" count="1" type="stmt"/>
      <line num="14" count="1" type="stmt"/>
      <line num="17" count="1" type="stmt"/>
      <line num="20" count="0" type="stmt"/>
      <line num="25" count="2" type="stmt"/>
      <line num="28" count="2" type="stmt"/>
      <line num="31" count="2" type="stmt"/>
      <line num="32" count="4" type="stmt"/>
      <line num="33" count="4" type="stmt"/>
      <line num="34" count="4" type="stmt"/>
      <line num="37" count="4" type="stmt"/>
      <line num="40" count="4" type="stmt"/>
      <line num="52" count="1" type="stmt"/>
      <line num="55" count="1" type="stmt"/>
      <line num="58" count="1" type="stmt"/>
      <line num="59" count="2" type="stmt"/>
      <line num="60" count="2" type="stmt"/>
      <line num="61" count="2" type="stmt"/>
      <line num="64" count="2" type="stmt"/>
      <line num="67" count="2" type="stmt"/>
      <line num="68" count="2" type="stmt"/>
      <line num="69" count="2" type="stmt"/>
      <line num="70" count="2" type="stmt"/>
      <line num="71" count="0" type="stmt"/>
      <line num="72" count="0" type="stmt"/>
      <line num="74" count="0" type="stmt"/>
      <line num="78" count="2" type="stmt"/>
      <line num="81" count="2" type="stmt"/>
      <line num="86" count="1" type="stmt"/>
      <line num="87" count="1" type="stmt"/>
      <line num="90" count="1" type="stmt"/>
      <line num="91" count="1" type="stmt"/>
      <line num="94" count="1" type="stmt"/>
      <line num="95" count="0" type="stmt"/>
      <line num="96" count="0" type="stmt"/>
      <line num="99" count="0" type="stmt"/>
      <line num="102" count="0" type="stmt"/>
      <line num="106" count="1" type="stmt"/>
      <line num="107" count="0" type="cond" truecount="0" falsecount="2"/>
      <line num="108" count="0" type="stmt"/>
      <line num="113" count="1" type="stmt"/>
    </file>
  </project>
</coverage>
