{"C:\\Users\\Khodani\\SD-Project-repo-1\\src\\addNewTenant.js": {"path":"C:\\Users\\Khodani\\SD-Project-repo-1\\src\\addNewTenant.js","statementMap":{"0":{"start":{"line":6,"column":15},"end":{"line":6,"column":52}},"1":{"start":{"line":7,"column":16},"end":{"line":7,"column":54}},"2":{"start":{"line":8,"column":19},"end":{"line":8,"column":60}},"3":{"start":{"line":9,"column":26},"end":{"line":9,"column":74}},"4":{"start":{"line":11,"column":4},"end":{"line":16,"column":5}},"5":{"start":{"line":12,"column":8},"end":{"line":12,"column":40}},"6":{"start":{"line":15,"column":8},"end":{"line":15,"column":15}},"7":{"start":{"line":17,"column":4},"end":{"line":20,"column":5}},"8":{"start":{"line":18,"column":8},"end":{"line":18,"column":36}},"9":{"start":{"line":19,"column":8},"end":{"line":19,"column":15}},"10":{"start":{"line":23,"column":19},"end":{"line":30,"column":5}},"11":{"start":{"line":33,"column":4},"end":{"line":66,"column":7}},"12":{"start":{"line":41,"column":8},"end":{"line":43,"column":9}},"13":{"start":{"line":42,"column":12},"end":{"line":42,"column":59}},"14":{"start":{"line":44,"column":8},"end":{"line":44,"column":31}},"15":{"start":{"line":47,"column":8},"end":{"line":53,"column":9}},"16":{"start":{"line":49,"column":12},"end":{"line":49,"column":56}},"17":{"start":{"line":52,"column":12},"end":{"line":52,"column":37}},"18":{"start":{"line":58,"column":8},"end":{"line":58,"column":39}},"19":{"start":{"line":59,"column":8},"end":{"line":62,"column":9}},"20":{"start":{"line":61,"column":12},"end":{"line":61,"column":40}},"21":{"start":{"line":69,"column":0},"end":{"line":81,"column":3}},"22":{"start":{"line":70,"column":17},"end":{"line":70,"column":47}},"23":{"start":{"line":71,"column":25},"end":{"line":71,"column":64}},"24":{"start":{"line":73,"column":4},"end":{"line":78,"column":7}},"25":{"start":{"line":74,"column":8},"end":{"line":74,"column":31}},"26":{"start":{"line":77,"column":8},"end":{"line":77,"column":21}},"27":{"start":{"line":84,"column":0},"end":{"line":84,"column":26}}},"fnMap":{"0":{"name":"submitForm","decl":{"start":{"line":1,"column":9},"end":{"line":1,"column":19}},"loc":{"start":{"line":1,"column":22},"end":{"line":67,"column":1}},"line":1},"1":{"name":"(anonymous_1)","decl":{"start":{"line":40,"column":10},"end":{"line":40,"column":11}},"loc":{"start":{"line":40,"column":22},"end":{"line":45,"column":5}},"line":40},"2":{"name":"(anonymous_2)","decl":{"start":{"line":46,"column":10},"end":{"line":46,"column":11}},"loc":{"start":{"line":46,"column":18},"end":{"line":56,"column":5}},"line":46},"3":{"name":"(anonymous_3)","decl":{"start":{"line":57,"column":11},"end":{"line":57,"column":12}},"loc":{"start":{"line":57,"column":20},"end":{"line":66,"column":5}},"line":57},"4":{"name":"(anonymous_4)","decl":{"start":{"line":69,"column":46},"end":{"line":69,"column":47}},"loc":{"start":{"line":69,"column":58},"end":{"line":81,"column":1}},"line":69},"5":{"name":"(anonymous_5)","decl":{"start":{"line":73,"column":36},"end":{"line":73,"column":37}},"loc":{"start":{"line":73,"column":53},"end":{"line":78,"column":5}},"line":73}},"branchMap":{"0":{"loc":{"start":{"line":11,"column":4},"end":{"line":16,"column":5}},"type":"if","locations":[{"start":{"line":11,"column":4},"end":{"line":16,"column":5}},{"start":{},"end":{}}],"line":11},"1":{"loc":{"start":{"line":17,"column":4},"end":{"line":20,"column":5}},"type":"if","locations":[{"start":{"line":17,"column":4},"end":{"line":20,"column":5}},{"start":{},"end":{}}],"line":17},"2":{"loc":{"start":{"line":41,"column":8},"end":{"line":43,"column":9}},"type":"if","locations":[{"start":{"line":41,"column":8},"end":{"line":43,"column":9}},{"start":{},"end":{}}],"line":41},"3":{"loc":{"start":{"line":47,"column":8},"end":{"line":53,"column":9}},"type":"if","locations":[{"start":{"line":47,"column":8},"end":{"line":53,"column":9}},{"start":{"line":50,"column":15},"end":{"line":53,"column":9}}],"line":47},"4":{"loc":{"start":{"line":59,"column":8},"end":{"line":62,"column":9}},"type":"if","locations":[{"start":{"line":59,"column":8},"end":{"line":62,"column":9}},{"start":{},"end":{}}],"line":59}},"s":{"0":5,"1":5,"2":5,"3":5,"4":5,"5":2,"6":2,"7":3,"8":2,"9":2,"10":1,"11":1,"12":1,"13":0,"14":1,"15":1,"16":1,"17":0,"18":0,"19":0,"20":0,"21":1,"22":0,"23":0,"24":0,"25":0,"26":0,"27":1},"f":{"0":5,"1":1,"2":1,"3":0,"4":0,"5":0},"b":{"0":[2,3],"1":[2,1],"2":[0,1],"3":[1,0],"4":[0,0]},"_coverageSchema":"1a1c01bbd47fc00a2c39e90264f33305004495a9","hash":"2da85ce10da451fa59fe3149fdb1fa56131df15a"}
,"C:\\Users\\Khodani\\SD-Project-repo-1\\src\\finesIssued.js": {"path":"C:\\Users\\Khodani\\SD-Project-repo-1\\src\\finesIssued.js","statementMap":{"0":{"start":{"line":3,"column":4},"end":{"line":18,"column":7}},"1":{"start":{"line":5,"column":8},"end":{"line":9,"column":9}},"2":{"start":{"line":6,"column":12},"end":{"line":6,"column":35}},"3":{"start":{"line":8,"column":12},"end":{"line":8,"column":53}},"4":{"start":{"line":12,"column":8},"end":{"line":12,"column":26}},"5":{"start":{"line":13,"column":8},"end":{"line":13,"column":40}},"6":{"start":{"line":17,"column":8},"end":{"line":17,"column":54}},"7":{"start":{"line":26,"column":23},"end":{"line":26,"column":84}},"8":{"start":{"line":26,"column":57},"end":{"line":26,"column":80}},"9":{"start":{"line":27,"column":30},"end":{"line":27,"column":66}},"10":{"start":{"line":30,"column":4},"end":{"line":30,"column":65}},"11":{"start":{"line":34,"column":28},"end":{"line":34,"column":103}},"12":{"start":{"line":34,"column":62},"end":{"line":34,"column":99}},"13":{"start":{"line":35,"column":35},"end":{"line":35,"column":76}},"14":{"start":{"line":38,"column":4},"end":{"line":38,"column":80}},"15":{"start":{"line":41,"column":30},"end":{"line":41,"column":75}},"16":{"start":{"line":44,"column":4},"end":{"line":44,"column":37}},"17":{"start":{"line":47,"column":23},"end":{"line":67,"column":5}},"18":{"start":{"line":70,"column":25},"end":{"line":70,"column":56}},"19":{"start":{"line":71,"column":4},"end":{"line":71,"column":42}},"20":{"start":{"line":74,"column":4},"end":{"line":74,"column":44}},"21":{"start":{"line":77,"column":18},"end":{"line":77,"column":49}},"22":{"start":{"line":78,"column":4},"end":{"line":78,"column":36}},"23":{"start":{"line":81,"column":22},"end":{"line":81,"column":50}},"24":{"start":{"line":84,"column":4},"end":{"line":88,"column":7}},"25":{"start":{"line":85,"column":27},"end":{"line":85,"column":55}},"26":{"start":{"line":86,"column":8},"end":{"line":86,"column":44}},"27":{"start":{"line":87,"column":8},"end":{"line":87,"column":42}},"28":{"start":{"line":91,"column":4},"end":{"line":91,"column":33}},"29":{"start":{"line":94,"column":4},"end":{"line":112,"column":7}},"30":{"start":{"line":96,"column":20},"end":{"line":96,"column":48}},"31":{"start":{"line":99,"column":8},"end":{"line":108,"column":11}},"32":{"start":{"line":100,"column":25},"end":{"line":100,"column":53}},"33":{"start":{"line":101,"column":12},"end":{"line":106,"column":13}},"34":{"start":{"line":103,"column":16},"end":{"line":103,"column":61}},"35":{"start":{"line":105,"column":16},"end":{"line":105,"column":54}},"36":{"start":{"line":107,"column":12},"end":{"line":107,"column":34}},"37":{"start":{"line":111,"column":8},"end":{"line":111,"column":31}},"38":{"start":{"line":115,"column":4},"end":{"line":115,"column":41}},"39":{"start":{"line":118,"column":0},"end":{"line":118,"column":56}}},"fnMap":{"0":{"name":"fetchFines","decl":{"start":{"line":2,"column":9},"end":{"line":2,"column":19}},"loc":{"start":{"line":2,"column":22},"end":{"line":19,"column":1}},"line":2},"1":{"name":"(anonymous_1)","decl":{"start":{"line":4,"column":10},"end":{"line":4,"column":11}},"loc":{"start":{"line":4,"column":22},"end":{"line":10,"column":5}},"line":4},"2":{"name":"(anonymous_2)","decl":{"start":{"line":11,"column":10},"end":{"line":11,"column":11}},"loc":{"start":{"line":11,"column":18},"end":{"line":15,"column":5}},"line":11},"3":{"name":"(anonymous_3)","decl":{"start":{"line":16,"column":11},"end":{"line":16,"column":12}},"loc":{"start":{"line":16,"column":20},"end":{"line":18,"column":5}},"line":16},"4":{"name":"updateNotificationsWidget","decl":{"start":{"line":23,"column":9},"end":{"line":23,"column":34}},"loc":{"start":{"line":23,"column":46},"end":{"line":116,"column":1}},"line":23},"5":{"name":"(anonymous_5)","decl":{"start":{"line":26,"column":40},"end":{"line":26,"column":41}},"loc":{"start":{"line":26,"column":57},"end":{"line":26,"column":80}},"line":26},"6":{"name":"(anonymous_6)","decl":{"start":{"line":34,"column":45},"end":{"line":34,"column":46}},"loc":{"start":{"line":34,"column":62},"end":{"line":34,"column":99}},"line":34},"7":{"name":"(anonymous_7)","decl":{"start":{"line":84,"column":72},"end":{"line":84,"column":73}},"loc":{"start":{"line":84,"column":86},"end":{"line":88,"column":5}},"line":84},"8":{"name":"(anonymous_8)","decl":{"start":{"line":94,"column":22},"end":{"line":94,"column":23}},"loc":{"start":{"line":94,"column":30},"end":{"line":112,"column":5}},"line":94},"9":{"name":"(anonymous_9)","decl":{"start":{"line":99,"column":75},"end":{"line":99,"column":76}},"loc":{"start":{"line":99,"column":91},"end":{"line":108,"column":9}},"line":99}},"branchMap":{"0":{"loc":{"start":{"line":5,"column":8},"end":{"line":9,"column":9}},"type":"if","locations":[{"start":{"line":5,"column":8},"end":{"line":9,"column":9}},{"start":{"line":7,"column":15},"end":{"line":9,"column":9}}],"line":5},"1":{"loc":{"start":{"line":101,"column":12},"end":{"line":106,"column":13}},"type":"if","locations":[{"start":{"line":101,"column":12},"end":{"line":106,"column":13}},{"start":{"line":104,"column":19},"end":{"line":106,"column":13}}],"line":101}},"s":{"0":0,"1":0,"2":0,"3":0,"4":0,"5":0,"6":0,"7":2,"8":2,"9":2,"10":2,"11":2,"12":2,"13":2,"14":2,"15":2,"16":2,"17":2,"18":2,"19":2,"20":2,"21":2,"22":2,"23":2,"24":2,"25":10,"26":10,"27":10,"28":2,"29":2,"30":2,"31":2,"32":10,"33":10,"34":2,"35":8,"36":10,"37":2,"38":2,"39":1},"f":{"0":0,"1":0,"2":0,"3":0,"4":2,"5":2,"6":2,"7":10,"8":2,"9":10},"b":{"0":[0,0],"1":[2,8]},"_coverageSchema":"1a1c01bbd47fc00a2c39e90264f33305004495a9","hash":"c923c8b8ff2402e541667f3c3285ca5b13269b66"}
,"C:\\Users\\Khodani\\SD-Project-repo-1\\src\\maintainStaff.js": {"path":"C:\\Users\\Khodani\\SD-Project-repo-1\\src\\maintainStaff.js","statementMap":{"0":{"start":{"line":4,"column":4},"end":{"line":21,"column":7}},"1":{"start":{"line":6,"column":8},"end":{"line":10,"column":9}},"2":{"start":{"line":7,"column":12},"end":{"line":7,"column":35}},"3":{"start":{"line":9,"column":12},"end":{"line":9,"column":63}},"4":{"start":{"line":13,"column":8},"end":{"line":13,"column":26}},"5":{"start":{"line":14,"column":31},"end":{"line":14,"column":35}},"6":{"start":{"line":17,"column":8},"end":{"line":17,"column":38}},"7":{"start":{"line":20,"column":8},"end":{"line":20,"column":64}},"8":{"start":{"line":25,"column":25},"end":{"line":25,"column":65}},"9":{"start":{"line":28,"column":4},"end":{"line":28,"column":32}},"10":{"start":{"line":31,"column":4},"end":{"line":41,"column":7}},"11":{"start":{"line":32,"column":24},"end":{"line":32,"column":52}},"12":{"start":{"line":33,"column":8},"end":{"line":33,"column":48}},"13":{"start":{"line":34,"column":8},"end":{"line":34,"column":43}},"14":{"start":{"line":37,"column":8},"end":{"line":37,"column":36}},"15":{"start":{"line":40,"column":8},"end":{"line":40,"column":42}},"16":{"start":{"line":52,"column":25},"end":{"line":52,"column":65}},"17":{"start":{"line":55,"column":4},"end":{"line":55,"column":32}},"18":{"start":{"line":58,"column":4},"end":{"line":82,"column":7}},"19":{"start":{"line":59,"column":24},"end":{"line":59,"column":52}},"20":{"start":{"line":60,"column":8},"end":{"line":60,"column":48}},"21":{"start":{"line":61,"column":8},"end":{"line":61,"column":43}},"22":{"start":{"line":64,"column":8},"end":{"line":64,"column":36}},"23":{"start":{"line":67,"column":36},"end":{"line":67,"column":68}},"24":{"start":{"line":68,"column":8},"end":{"line":68,"column":59}},"25":{"start":{"line":69,"column":8},"end":{"line":69,"column":56}},"26":{"start":{"line":70,"column":8},"end":{"line":75,"column":10}},"27":{"start":{"line":71,"column":28},"end":{"line":71,"column":52}},"28":{"start":{"line":72,"column":12},"end":{"line":72,"column":33}},"29":{"start":{"line":74,"column":12},"end":{"line":74,"column":39}},"30":{"start":{"line":78,"column":8},"end":{"line":78,"column":49}},"31":{"start":{"line":81,"column":8},"end":{"line":81,"column":42}},"32":{"start":{"line":86,"column":18},"end":{"line":86,"column":58}},"33":{"start":{"line":87,"column":4},"end":{"line":87,"column":34}},"34":{"start":{"line":90,"column":29},"end":{"line":90,"column":72}},"35":{"start":{"line":91,"column":31},"end":{"line":91,"column":76}},"36":{"start":{"line":94,"column":4},"end":{"line":103,"column":6}},"37":{"start":{"line":95,"column":25},"end":{"line":95,"column":47}},"38":{"start":{"line":96,"column":8},"end":{"line":96,"column":43}},"39":{"start":{"line":99,"column":8},"end":{"line":99,"column":40}},"40":{"start":{"line":102,"column":8},"end":{"line":102,"column":37}},"41":{"start":{"line":106,"column":4},"end":{"line":110,"column":6}},"42":{"start":{"line":107,"column":8},"end":{"line":109,"column":9}},"43":{"start":{"line":108,"column":12},"end":{"line":108,"column":41}},"44":{"start":{"line":113,"column":0},"end":{"line":118,"column":2}}},"fnMap":{"0":{"name":"fetchTotalIssues","decl":{"start":{"line":3,"column":9},"end":{"line":3,"column":25}},"loc":{"start":{"line":3,"column":28},"end":{"line":22,"column":1}},"line":3},"1":{"name":"(anonymous_1)","decl":{"start":{"line":5,"column":10},"end":{"line":5,"column":11}},"loc":{"start":{"line":5,"column":22},"end":{"line":11,"column":5}},"line":5},"2":{"name":"(anonymous_2)","decl":{"start":{"line":12,"column":10},"end":{"line":12,"column":11}},"loc":{"start":{"line":12,"column":18},"end":{"line":18,"column":5}},"line":12},"3":{"name":"(anonymous_3)","decl":{"start":{"line":19,"column":11},"end":{"line":19,"column":12}},"loc":{"start":{"line":19,"column":20},"end":{"line":21,"column":5}},"line":19},"4":{"name":"updateTotalIssues","decl":{"start":{"line":24,"column":9},"end":{"line":24,"column":26}},"loc":{"start":{"line":24,"column":40},"end":{"line":42,"column":1}},"line":24},"5":{"name":"(anonymous_5)","decl":{"start":{"line":31,"column":19},"end":{"line":31,"column":20}},"loc":{"start":{"line":31,"column":37},"end":{"line":41,"column":5}},"line":31},"6":{"name":"updateNotificationsWidget","decl":{"start":{"line":51,"column":9},"end":{"line":51,"column":34}},"loc":{"start":{"line":51,"column":48},"end":{"line":83,"column":1}},"line":51},"7":{"name":"(anonymous_7)","decl":{"start":{"line":58,"column":19},"end":{"line":58,"column":20}},"loc":{"start":{"line":58,"column":37},"end":{"line":82,"column":5}},"line":58},"8":{"name":"(anonymous_8)","decl":{"start":{"line":70,"column":38},"end":{"line":70,"column":39}},"loc":{"start":{"line":70,"column":49},"end":{"line":75,"column":9}},"line":70},"9":{"name":"openFeedbackModal","decl":{"start":{"line":85,"column":9},"end":{"line":85,"column":26}},"loc":{"start":{"line":85,"column":36},"end":{"line":111,"column":1}},"line":85},"10":{"name":"(anonymous_10)","decl":{"start":{"line":94,"column":33},"end":{"line":94,"column":34}},"loc":{"start":{"line":94,"column":44},"end":{"line":103,"column":5}},"line":94},"11":{"name":"(anonymous_11)","decl":{"start":{"line":106,"column":21},"end":{"line":106,"column":22}},"loc":{"start":{"line":106,"column":37},"end":{"line":110,"column":5}},"line":106}},"branchMap":{"0":{"loc":{"start":{"line":6,"column":8},"end":{"line":10,"column":9}},"type":"if","locations":[{"start":{"line":6,"column":8},"end":{"line":10,"column":9}},{"start":{"line":8,"column":15},"end":{"line":10,"column":9}}],"line":6},"1":{"loc":{"start":{"line":107,"column":8},"end":{"line":109,"column":9}},"type":"if","locations":[{"start":{"line":107,"column":8},"end":{"line":109,"column":9}},{"start":{},"end":{}}],"line":107}},"s":{"0":1,"1":1,"2":1,"3":0,"4":1,"5":1,"6":1,"7":0,"8":2,"9":2,"10":2,"11":4,"12":4,"13":4,"14":4,"15":4,"16":1,"17":1,"18":1,"19":2,"20":2,"21":2,"22":2,"23":2,"24":2,"25":2,"26":2,"27":0,"28":0,"29":0,"30":2,"31":2,"32":1,"33":1,"34":1,"35":1,"36":1,"37":0,"38":0,"39":0,"40":0,"41":1,"42":0,"43":0,"44":1},"f":{"0":1,"1":1,"2":1,"3":0,"4":2,"5":4,"6":1,"7":2,"8":0,"9":1,"10":0,"11":0},"b":{"0":[1,0],"1":[0,0]},"_coverageSchema":"1a1c01bbd47fc00a2c39e90264f33305004495a9","hash":"f5af5c870ad03413c40b53f4ba34977fa679a6dd"}
}
