{"C:\\Users\\Khodani\\SD-Project-repo-1\\src\\addNewTenant.js": {"path":"C:\\Users\\Khodani\\SD-Project-repo-1\\src\\addNewTenant.js","statementMap":{"0":{"start":{"line":6,"column":15},"end":{"line":6,"column":52}},"1":{"start":{"line":7,"column":16},"end":{"line":7,"column":54}},"2":{"start":{"line":8,"column":19},"end":{"line":8,"column":60}},"3":{"start":{"line":9,"column":26},"end":{"line":9,"column":74}},"4":{"start":{"line":11,"column":4},"end":{"line":16,"column":5}},"5":{"start":{"line":12,"column":8},"end":{"line":12,"column":40}},"6":{"start":{"line":15,"column":8},"end":{"line":15,"column":15}},"7":{"start":{"line":17,"column":4},"end":{"line":20,"column":5}},"8":{"start":{"line":18,"column":8},"end":{"line":18,"column":36}},"9":{"start":{"line":19,"column":8},"end":{"line":19,"column":15}},"10":{"start":{"line":23,"column":19},"end":{"line":30,"column":5}},"11":{"start":{"line":33,"column":4},"end":{"line":66,"column":7}},"12":{"start":{"line":41,"column":8},"end":{"line":43,"column":9}},"13":{"start":{"line":42,"column":12},"end":{"line":42,"column":59}},"14":{"start":{"line":44,"column":8},"end":{"line":44,"column":31}},"15":{"start":{"line":47,"column":8},"end":{"line":53,"column":9}},"16":{"start":{"line":49,"column":12},"end":{"line":49,"column":56}},"17":{"start":{"line":52,"column":12},"end":{"line":52,"column":37}},"18":{"start":{"line":58,"column":8},"end":{"line":58,"column":39}},"19":{"start":{"line":59,"column":8},"end":{"line":62,"column":9}},"20":{"start":{"line":61,"column":12},"end":{"line":61,"column":40}},"21":{"start":{"line":69,"column":0},"end":{"line":81,"column":3}},"22":{"start":{"line":70,"column":17},"end":{"line":70,"column":47}},"23":{"start":{"line":71,"column":25},"end":{"line":71,"column":64}},"24":{"start":{"line":73,"column":4},"end":{"line":78,"column":7}},"25":{"start":{"line":74,"column":8},"end":{"line":74,"column":31}},"26":{"start":{"line":77,"column":8},"end":{"line":77,"column":21}},"27":{"start":{"line":84,"column":0},"end":{"line":84,"column":26}}},"fnMap":{"0":{"name":"submitForm","decl":{"start":{"line":1,"column":9},"end":{"line":1,"column":19}},"loc":{"start":{"line":1,"column":22},"end":{"line":67,"column":1}},"line":1},"1":{"name":"(anonymous_1)","decl":{"start":{"line":40,"column":10},"end":{"line":40,"column":11}},"loc":{"start":{"line":40,"column":22},"end":{"line":45,"column":5}},"line":40},"2":{"name":"(anonymous_2)","decl":{"start":{"line":46,"column":10},"end":{"line":46,"column":11}},"loc":{"start":{"line":46,"column":18},"end":{"line":56,"column":5}},"line":46},"3":{"name":"(anonymous_3)","decl":{"start":{"line":57,"column":11},"end":{"line":57,"column":12}},"loc":{"start":{"line":57,"column":20},"end":{"line":66,"column":5}},"line":57},"4":{"name":"(anonymous_4)","decl":{"start":{"line":69,"column":46},"end":{"line":69,"column":47}},"loc":{"start":{"line":69,"column":58},"end":{"line":81,"column":1}},"line":69},"5":{"name":"(anonymous_5)","decl":{"start":{"line":73,"column":36},"end":{"line":73,"column":37}},"loc":{"start":{"line":73,"column":53},"end":{"line":78,"column":5}},"line":73}},"branchMap":{"0":{"loc":{"start":{"line":11,"column":4},"end":{"line":16,"column":5}},"type":"if","locations":[{"start":{"line":11,"column":4},"end":{"line":16,"column":5}},{"start":{},"end":{}}],"line":11},"1":{"loc":{"start":{"line":17,"column":4},"end":{"line":20,"column":5}},"type":"if","locations":[{"start":{"line":17,"column":4},"end":{"line":20,"column":5}},{"start":{},"end":{}}],"line":17},"2":{"loc":{"start":{"line":41,"column":8},"end":{"line":43,"column":9}},"type":"if","locations":[{"start":{"line":41,"column":8},"end":{"line":43,"column":9}},{"start":{},"end":{}}],"line":41},"3":{"loc":{"start":{"line":47,"column":8},"end":{"line":53,"column":9}},"type":"if","locations":[{"start":{"line":47,"column":8},"end":{"line":53,"column":9}},{"start":{"line":50,"column":15},"end":{"line":53,"column":9}}],"line":47},"4":{"loc":{"start":{"line":59,"column":8},"end":{"line":62,"column":9}},"type":"if","locations":[{"start":{"line":59,"column":8},"end":{"line":62,"column":9}},{"start":{},"end":{}}],"line":59}},"s":{"0":1,"1":1,"2":1,"3":1,"4":1,"5":0,"6":0,"7":1,"8":0,"9":0,"10":1,"11":1,"12":1,"13":0,"14":1,"15":1,"16":1,"17":0,"18":0,"19":0,"20":0,"21":1,"22":0,"23":0,"24":0,"25":0,"26":0,"27":1},"f":{"0":1,"1":1,"2":1,"3":0,"4":0,"5":0},"b":{"0":[0,1],"1":[0,1],"2":[0,1],"3":[1,0],"4":[0,0]},"_coverageSchema":"1a1c01bbd47fc00a2c39e90264f33305004495a9","hash":"2da85ce10da451fa59fe3149fdb1fa56131df15a"}
,"C:\\Users\\Khodani\\SD-Project-repo-1\\src\\adminActions.js": {"path":"C:\\Users\\Khodani\\SD-Project-repo-1\\src\\adminActions.js","statementMap":{"0":{"start":{"line":393,"column":4},"end":{"line":424,"column":5}},"1":{"start":{"line":394,"column":28},"end":{"line":394,"column":93}},"2":{"start":{"line":395,"column":30},"end":{"line":395,"column":70}},"3":{"start":{"line":396,"column":8},"end":{"line":396,"column":37}},"4":{"start":{"line":398,"column":25},"end":{"line":398,"column":74}},"5":{"start":{"line":399,"column":8},"end":{"line":401,"column":9}},"6":{"start":{"line":400,"column":12},"end":{"line":400,"column":59}},"7":{"start":{"line":402,"column":29},"end":{"line":402,"column":50}},"8":{"start":{"line":403,"column":8},"end":{"line":407,"column":9}},"9":{"start":{"line":404,"column":12},"end":{"line":404,"column":51}},"10":{"start":{"line":406,"column":12},"end":{"line":406,"column":19}},"11":{"start":{"line":409,"column":8},"end":{"line":420,"column":11}},"12":{"start":{"line":410,"column":29},"end":{"line":410,"column":57}},"13":{"start":{"line":411,"column":12},"end":{"line":411,"column":52}},"14":{"start":{"line":413,"column":12},"end":{"line":418,"column":14}},"15":{"start":{"line":419,"column":12},"end":{"line":419,"column":48}},"16":{"start":{"line":422,"column":8},"end":{"line":422,"column":67}},"17":{"start":{"line":430,"column":4},"end":{"line":462,"column":5}},"18":{"start":{"line":431,"column":8},"end":{"line":461,"column":9}},"19":{"start":{"line":433,"column":29},"end":{"line":435,"column":14}},"20":{"start":{"line":437,"column":12},"end":{"line":457,"column":13}},"21":{"start":{"line":439,"column":16},"end":{"line":439,"column":65}},"22":{"start":{"line":440,"column":16},"end":{"line":440,"column":30}},"23":{"start":{"line":442,"column":37},"end":{"line":442,"column":72}},"24":{"start":{"line":443,"column":16},"end":{"line":445,"column":17}},"25":{"start":{"line":444,"column":20},"end":{"line":444,"column":42}},"26":{"start":{"line":446,"column":16},"end":{"line":446,"column":35}},"27":{"start":{"line":448,"column":38},"end":{"line":448,"column":78}},"28":{"start":{"line":449,"column":16},"end":{"line":452,"column":17}},"29":{"start":{"line":450,"column":20},"end":{"line":450,"column":70}},"30":{"start":{"line":451,"column":20},"end":{"line":451,"column":57}},"31":{"start":{"line":455,"column":16},"end":{"line":455,"column":79}},"32":{"start":{"line":459,"column":12},"end":{"line":459,"column":65}},"33":{"start":{"line":469,"column":20},"end":{"line":469,"column":55}},"34":{"start":{"line":472,"column":22},"end":{"line":472,"column":53}},"35":{"start":{"line":473,"column":15},"end":{"line":473,"column":51}},"36":{"start":{"line":474,"column":23},"end":{"line":474,"column":55}},"37":{"start":{"line":475,"column":16},"end":{"line":475,"column":54}},"38":{"start":{"line":476,"column":26},"end":{"line":476,"column":61}},"39":{"start":{"line":477,"column":19},"end":{"line":477,"column":63}},"40":{"start":{"line":478,"column":33},"end":{"line":478,"column":75}},"41":{"start":{"line":479,"column":26},"end":{"line":479,"column":84}},"42":{"start":{"line":482,"column":23},"end":{"line":482,"column":57}},"43":{"start":{"line":485,"column":4},"end":{"line":490,"column":5}},"44":{"start":{"line":485,"column":17},"end":{"line":485,"column":18}},"45":{"start":{"line":486,"column":8},"end":{"line":489,"column":9}},"46":{"start":{"line":487,"column":12},"end":{"line":487,"column":41}},"47":{"start":{"line":488,"column":12},"end":{"line":488,"column":18}},"48":{"start":{"line":492,"column":4},"end":{"line":497,"column":5}},"49":{"start":{"line":493,"column":8},"end":{"line":493,"column":40}},"50":{"start":{"line":495,"column":8},"end":{"line":495,"column":35}},"51":{"start":{"line":496,"column":8},"end":{"line":496,"column":15}},"52":{"start":{"line":498,"column":4},"end":{"line":502,"column":5}},"53":{"start":{"line":499,"column":8},"end":{"line":499,"column":36}},"54":{"start":{"line":504,"column":19},"end":{"line":510,"column":5}},"55":{"start":{"line":512,"column":4},"end":{"line":542,"column":5}},"56":{"start":{"line":513,"column":25},"end":{"line":519,"column":10}},"57":{"start":{"line":521,"column":8},"end":{"line":523,"column":9}},"58":{"start":{"line":522,"column":12},"end":{"line":522,"column":59}},"59":{"start":{"line":525,"column":21},"end":{"line":525,"column":42}},"60":{"start":{"line":527,"column":8},"end":{"line":535,"column":9}},"61":{"start":{"line":529,"column":12},"end":{"line":529,"column":25}},"62":{"start":{"line":530,"column":12},"end":{"line":530,"column":53}},"63":{"start":{"line":532,"column":13},"end":{"line":535,"column":9}},"64":{"start":{"line":534,"column":12},"end":{"line":534,"column":30}},"65":{"start":{"line":538,"column":8},"end":{"line":538,"column":39}},"66":{"start":{"line":541,"column":8},"end":{"line":541,"column":35}},"67":{"start":{"line":545,"column":0},"end":{"line":554,"column":3}},"68":{"start":{"line":546,"column":17},"end":{"line":546,"column":56}},"69":{"start":{"line":547,"column":22},"end":{"line":547,"column":57}},"70":{"start":{"line":549,"column":4},"end":{"line":553,"column":7}},"71":{"start":{"line":550,"column":8},"end":{"line":550,"column":31}},"72":{"start":{"line":552,"column":8},"end":{"line":552,"column":29}},"73":{"start":{"line":556,"column":0},"end":{"line":558,"column":3}},"74":{"start":{"line":557,"column":4},"end":{"line":557,"column":23}},"75":{"start":{"line":590,"column":0},"end":{"line":595,"column":2}}},"fnMap":{"0":{"name":"searchStaff","decl":{"start":{"line":392,"column":15},"end":{"line":392,"column":26}},"loc":{"start":{"line":392,"column":29},"end":{"line":425,"column":1}},"line":392},"1":{"name":"(anonymous_1)","decl":{"start":{"line":409,"column":29},"end":{"line":409,"column":30}},"loc":{"start":{"line":409,"column":38},"end":{"line":420,"column":9}},"line":409},"2":{"name":"deleteStaff","decl":{"start":{"line":429,"column":15},"end":{"line":429,"column":26}},"loc":{"start":{"line":429,"column":48},"end":{"line":463,"column":1}},"line":429},"3":{"name":"addStaff","decl":{"start":{"line":467,"column":15},"end":{"line":467,"column":23}},"loc":{"start":{"line":467,"column":30},"end":{"line":543,"column":1}},"line":467},"4":{"name":"(anonymous_4)","decl":{"start":{"line":545,"column":46},"end":{"line":545,"column":47}},"loc":{"start":{"line":545,"column":58},"end":{"line":554,"column":1}},"line":545},"5":{"name":"(anonymous_5)","decl":{"start":{"line":549,"column":36},"end":{"line":549,"column":37}},"loc":{"start":{"line":549,"column":59},"end":{"line":553,"column":5}},"line":549},"6":{"name":"(anonymous_6)","decl":{"start":{"line":556,"column":46},"end":{"line":556,"column":47}},"loc":{"start":{"line":556,"column":58},"end":{"line":558,"column":1}},"line":556}},"branchMap":{"0":{"loc":{"start":{"line":399,"column":8},"end":{"line":401,"column":9}},"type":"if","locations":[{"start":{"line":399,"column":8},"end":{"line":401,"column":9}},{"start":{},"end":{}}],"line":399},"1":{"loc":{"start":{"line":403,"column":8},"end":{"line":407,"column":9}},"type":"if","locations":[{"start":{"line":403,"column":8},"end":{"line":407,"column":9}},{"start":{},"end":{}}],"line":403},"2":{"loc":{"start":{"line":430,"column":4},"end":{"line":462,"column":5}},"type":"if","locations":[{"start":{"line":430,"column":4},"end":{"line":462,"column":5}},{"start":{},"end":{}}],"line":430},"3":{"loc":{"start":{"line":437,"column":12},"end":{"line":457,"column":13}},"type":"if","locations":[{"start":{"line":437,"column":12},"end":{"line":457,"column":13}},{"start":{"line":453,"column":19},"end":{"line":457,"column":13}}],"line":437},"4":{"loc":{"start":{"line":443,"column":16},"end":{"line":445,"column":17}},"type":"if","locations":[{"start":{"line":443,"column":16},"end":{"line":445,"column":17}},{"start":{},"end":{}}],"line":443},"5":{"loc":{"start":{"line":449,"column":16},"end":{"line":452,"column":17}},"type":"if","locations":[{"start":{"line":449,"column":16},"end":{"line":452,"column":17}},{"start":{},"end":{}}],"line":449},"6":{"loc":{"start":{"line":473,"column":15},"end":{"line":473,"column":51}},"type":"cond-expr","locations":[{"start":{"line":473,"column":29},"end":{"line":473,"column":46}},{"start":{"line":473,"column":49},"end":{"line":473,"column":51}}],"line":473},"7":{"loc":{"start":{"line":475,"column":16},"end":{"line":475,"column":54}},"type":"cond-expr","locations":[{"start":{"line":475,"column":31},"end":{"line":475,"column":49}},{"start":{"line":475,"column":52},"end":{"line":475,"column":54}}],"line":475},"8":{"loc":{"start":{"line":477,"column":19},"end":{"line":477,"column":63}},"type":"cond-expr","locations":[{"start":{"line":477,"column":37},"end":{"line":477,"column":58}},{"start":{"line":477,"column":61},"end":{"line":477,"column":63}}],"line":477},"9":{"loc":{"start":{"line":479,"column":26},"end":{"line":479,"column":84}},"type":"cond-expr","locations":[{"start":{"line":479,"column":51},"end":{"line":479,"column":79}},{"start":{"line":479,"column":82},"end":{"line":479,"column":84}}],"line":479},"10":{"loc":{"start":{"line":486,"column":8},"end":{"line":489,"column":9}},"type":"if","locations":[{"start":{"line":486,"column":8},"end":{"line":489,"column":9}},{"start":{},"end":{}}],"line":486},"11":{"loc":{"start":{"line":492,"column":4},"end":{"line":497,"column":5}},"type":"if","locations":[{"start":{"line":492,"column":4},"end":{"line":497,"column":5}},{"start":{},"end":{}}],"line":492},"12":{"loc":{"start":{"line":498,"column":4},"end":{"line":502,"column":5}},"type":"if","locations":[{"start":{"line":498,"column":4},"end":{"line":502,"column":5}},{"start":{},"end":{}}],"line":498},"13":{"loc":{"start":{"line":521,"column":8},"end":{"line":523,"column":9}},"type":"if","locations":[{"start":{"line":521,"column":8},"end":{"line":523,"column":9}},{"start":{},"end":{}}],"line":521},"14":{"loc":{"start":{"line":527,"column":8},"end":{"line":535,"column":9}},"type":"if","locations":[{"start":{"line":527,"column":8},"end":{"line":535,"column":9}},{"start":{"line":532,"column":13},"end":{"line":535,"column":9}}],"line":527},"15":{"loc":{"start":{"line":532,"column":13},"end":{"line":535,"column":9}},"type":"if","locations":[{"start":{"line":532,"column":13},"end":{"line":535,"column":9}},{"start":{},"end":{}}],"line":532}},"s":{"0":4,"1":4,"2":2,"3":2,"4":2,"5":2,"6":1,"7":1,"8":1,"9":0,"10":0,"11":1,"12":2,"13":2,"14":2,"15":2,"16":3,"17":4,"18":4,"19":4,"20":3,"21":2,"22":2,"23":2,"24":2,"25":0,"26":2,"27":0,"28":0,"29":0,"30":0,"31":0,"32":4,"33":1,"34":1,"35":1,"36":1,"37":1,"38":1,"39":1,"40":1,"41":1,"42":1,"43":1,"44":1,"45":0,"46":0,"47":0,"48":1,"49":0,"50":0,"51":0,"52":1,"53":1,"54":1,"55":1,"56":1,"57":1,"58":0,"59":1,"60":1,"61":1,"62":1,"63":0,"64":0,"65":0,"66":0,"67":1,"68":0,"69":0,"70":0,"71":0,"72":0,"73":1,"74":0,"75":1},"f":{"0":4,"1":2,"2":4,"3":1,"4":0,"5":0,"6":0},"b":{"0":[1,1],"1":[0,1],"2":[4,0],"3":[2,0],"4":[0,2],"5":[0,0],"6":[0,1],"7":[0,1],"8":[0,1],"9":[0,1],"10":[0,0],"11":[0,1],"12":[1,0],"13":[0,1],"14":[1,0],"15":[0,0]},"_coverageSchema":"1a1c01bbd47fc00a2c39e90264f33305004495a9","hash":"2c4e802512b6b50d6ba0bb0ef727e86bf50c1298"}
,"C:\\Users\\Khodani\\SD-Project-repo-1\\src\\deleteUsers.js": {"path":"C:\\Users\\Khodani\\SD-Project-repo-1\\src\\deleteUsers.js","statementMap":{"0":{"start":{"line":6,"column":4},"end":{"line":23,"column":7}},"1":{"start":{"line":8,"column":8},"end":{"line":12,"column":9}},"2":{"start":{"line":9,"column":12},"end":{"line":9,"column":35}},"3":{"start":{"line":11,"column":12},"end":{"line":11,"column":63}},"4":{"start":{"line":15,"column":8},"end":{"line":15,"column":26}},"5":{"start":{"line":16,"column":37},"end":{"line":16,"column":41}},"6":{"start":{"line":19,"column":8},"end":{"line":19,"column":52}},"7":{"start":{"line":22,"column":8},"end":{"line":22,"column":64}},"8":{"start":{"line":28,"column":30},"end":{"line":28,"column":75}},"9":{"start":{"line":31,"column":4},"end":{"line":31,"column":37}},"10":{"start":{"line":34,"column":4},"end":{"line":68,"column":7}},"11":{"start":{"line":35,"column":24},"end":{"line":35,"column":52}},"12":{"start":{"line":36,"column":8},"end":{"line":36,"column":48}},"13":{"start":{"line":37,"column":8},"end":{"line":37,"column":43}},"14":{"start":{"line":40,"column":8},"end":{"line":46,"column":10}},"15":{"start":{"line":49,"column":29},"end":{"line":49,"column":61}},"16":{"start":{"line":50,"column":8},"end":{"line":50,"column":44}},"17":{"start":{"line":51,"column":8},"end":{"line":51,"column":49}},"18":{"start":{"line":54,"column":8},"end":{"line":61,"column":10}},"19":{"start":{"line":56,"column":23},"end":{"line":56,"column":47}},"20":{"start":{"line":57,"column":12},"end":{"line":57,"column":28}},"21":{"start":{"line":60,"column":12},"end":{"line":60,"column":28}},"22":{"start":{"line":64,"column":8},"end":{"line":64,"column":42}},"23":{"start":{"line":67,"column":8},"end":{"line":67,"column":47}},"24":{"start":{"line":90,"column":4},"end":{"line":105,"column":7}},"25":{"start":{"line":94,"column":8},"end":{"line":101,"column":9}},"26":{"start":{"line":96,"column":33},"end":{"line":96,"column":71}},"27":{"start":{"line":97,"column":12},"end":{"line":97,"column":62}},"28":{"start":{"line":98,"column":12},"end":{"line":98,"column":69}},"29":{"start":{"line":100,"column":12},"end":{"line":100,"column":54}},"30":{"start":{"line":104,"column":8},"end":{"line":104,"column":54}},"31":{"start":{"line":109,"column":0},"end":{"line":109,"column":33}}},"fnMap":{"0":{"name":"fetchUsers","decl":{"start":{"line":5,"column":9},"end":{"line":5,"column":19}},"loc":{"start":{"line":5,"column":22},"end":{"line":24,"column":1}},"line":5},"1":{"name":"(anonymous_1)","decl":{"start":{"line":7,"column":10},"end":{"line":7,"column":11}},"loc":{"start":{"line":7,"column":22},"end":{"line":13,"column":5}},"line":7},"2":{"name":"(anonymous_2)","decl":{"start":{"line":14,"column":10},"end":{"line":14,"column":11}},"loc":{"start":{"line":14,"column":18},"end":{"line":20,"column":5}},"line":14},"3":{"name":"(anonymous_3)","decl":{"start":{"line":21,"column":11},"end":{"line":21,"column":12}},"loc":{"start":{"line":21,"column":20},"end":{"line":23,"column":5}},"line":21},"4":{"name":"updateNotificationsWidget","decl":{"start":{"line":27,"column":9},"end":{"line":27,"column":34}},"loc":{"start":{"line":27,"column":55},"end":{"line":69,"column":1}},"line":27},"5":{"name":"(anonymous_5)","decl":{"start":{"line":34,"column":18},"end":{"line":34,"column":19}},"loc":{"start":{"line":34,"column":35},"end":{"line":68,"column":5}},"line":34},"6":{"name":"(anonymous_6)","decl":{"start":{"line":54,"column":31},"end":{"line":54,"column":32}},"loc":{"start":{"line":54,"column":42},"end":{"line":61,"column":9}},"line":54},"7":{"name":"deleteIssue","decl":{"start":{"line":88,"column":9},"end":{"line":88,"column":20}},"loc":{"start":{"line":88,"column":25},"end":{"line":106,"column":1}},"line":88},"8":{"name":"(anonymous_8)","decl":{"start":{"line":93,"column":10},"end":{"line":93,"column":11}},"loc":{"start":{"line":93,"column":22},"end":{"line":102,"column":5}},"line":93},"9":{"name":"(anonymous_9)","decl":{"start":{"line":103,"column":11},"end":{"line":103,"column":12}},"loc":{"start":{"line":103,"column":20},"end":{"line":105,"column":5}},"line":103}},"branchMap":{"0":{"loc":{"start":{"line":8,"column":8},"end":{"line":12,"column":9}},"type":"if","locations":[{"start":{"line":8,"column":8},"end":{"line":12,"column":9}},{"start":{"line":10,"column":15},"end":{"line":12,"column":9}}],"line":8},"1":{"loc":{"start":{"line":94,"column":8},"end":{"line":101,"column":9}},"type":"if","locations":[{"start":{"line":94,"column":8},"end":{"line":101,"column":9}},{"start":{"line":99,"column":15},"end":{"line":101,"column":9}}],"line":94}},"s":{"0":0,"1":0,"2":0,"3":0,"4":0,"5":0,"6":0,"7":0,"8":0,"9":0,"10":0,"11":0,"12":0,"13":0,"14":0,"15":0,"16":0,"17":0,"18":0,"19":0,"20":0,"21":0,"22":0,"23":0,"24":1,"25":1,"26":1,"27":1,"28":1,"29":0,"30":0,"31":1},"f":{"0":0,"1":0,"2":0,"3":0,"4":0,"5":0,"6":0,"7":1,"8":1,"9":0},"b":{"0":[0,0],"1":[1,0]},"_coverageSchema":"1a1c01bbd47fc00a2c39e90264f33305004495a9","hash":"41f896c523136d7f0bb3c9074f6fa4357946df90"}
}
