TN:
SF:src\addNewTenant.js
FN:1,submitForm
FN:40,(anonymous_1)
FN:46,(anonymous_2)
FN:57,(anonymous_3)
FN:69,(anonymous_4)
FN:73,(anonymous_5)
FNF:6
FNH:3
FNDA:1,submitForm
FNDA:1,(anonymous_1)
FNDA:1,(anonymous_2)
FNDA:0,(anonymous_3)
FNDA:0,(anonymous_4)
FNDA:0,(anonymous_5)
DA:6,1
DA:7,1
DA:8,1
DA:9,1
DA:11,1
DA:12,0
DA:15,0
DA:17,1
DA:18,0
DA:19,0
DA:23,1
DA:33,1
DA:41,1
DA:42,0
DA:44,1
DA:47,1
DA:49,1
DA:52,0
DA:58,0
DA:59,0
DA:61,0
DA:69,1
DA:70,0
DA:71,0
DA:73,0
DA:74,0
DA:77,0
DA:84,1
LF:28
LH:14
BRDA:11,0,0,0
BRDA:11,0,1,1
BRDA:17,1,0,0
BRDA:17,1,1,1
BRDA:41,2,0,0
BRDA:41,2,1,1
BRDA:47,3,0,1
BRDA:47,3,1,0
BRDA:59,4,0,0
BRDA:59,4,1,0
BRF:10
BRH:4
end_of_record
TN:
SF:src\adminActions.js
FN:392,searchStaff
FN:409,(anonymous_1)
FN:429,deleteStaff
FN:467,addStaff
FN:545,(anonymous_4)
FN:549,(anonymous_5)
FN:556,(anonymous_6)
FN:560,displayStaffList
FN:570,(anonymous_8)
FNF:9
FNH:5
FNDA:4,searchStaff
FNDA:2,(anonymous_1)
FNDA:4,deleteStaff
FNDA:1,addStaff
FNDA:0,(anonymous_4)
FNDA:0,(anonymous_5)
FNDA:0,(anonymous_6)
FNDA:2,displayStaffList
FNDA:0,(anonymous_8)
DA:393,4
DA:394,4
DA:395,2
DA:396,2
DA:398,2
DA:399,2
DA:400,1
DA:402,1
DA:403,1
DA:404,0
DA:406,0
DA:409,1
DA:410,2
DA:411,2
DA:413,2
DA:419,2
DA:422,3
DA:430,4
DA:431,4
DA:433,4
DA:437,3
DA:439,2
DA:440,2
DA:442,2
DA:443,2
DA:444,0
DA:446,2
DA:448,2
DA:449,2
DA:450,0
DA:451,0
DA:455,0
DA:459,4
DA:469,1
DA:472,1
DA:473,1
DA:474,1
DA:475,1
DA:476,1
DA:477,1
DA:478,1
DA:479,1
DA:482,1
DA:485,1
DA:486,0
DA:487,0
DA:488,0
DA:492,1
DA:493,0
DA:495,0
DA:496,0
DA:498,1
DA:499,1
DA:504,1
DA:512,1
DA:513,1
DA:521,1
DA:522,0
DA:525,1
DA:527,1
DA:529,1
DA:530,1
DA:532,0
DA:534,0
DA:538,0
DA:541,0
DA:545,1
DA:546,0
DA:547,0
DA:549,0
DA:550,0
DA:552,0
DA:556,1
DA:557,0
DA:561,2
DA:562,2
DA:563,2
DA:564,0
DA:566,1
DA:567,1
DA:568,1
DA:570,0
DA:571,0
DA:572,0
DA:574,0
DA:582,0
DA:585,2
DA:590,1
LF:88
LH:59
BRDA:399,0,0,1
BRDA:399,0,1,1
BRDA:403,1,0,0
BRDA:403,1,1,1
BRDA:430,2,0,4
BRDA:430,2,1,0
BRDA:437,3,0,2
BRDA:437,3,1,0
BRDA:443,4,0,0
BRDA:443,4,1,2
BRDA:449,5,0,0
BRDA:449,5,1,0
BRDA:473,6,0,0
BRDA:473,6,1,1
BRDA:475,7,0,0
BRDA:475,7,1,1
BRDA:477,8,0,0
BRDA:477,8,1,1
BRDA:479,9,0,0
BRDA:479,9,1,1
BRDA:486,10,0,0
BRDA:486,10,1,0
BRDA:492,11,0,0
BRDA:492,11,1,1
BRDA:498,12,0,1
BRDA:498,12,1,0
BRDA:521,13,0,0
BRDA:521,13,1,1
BRDA:527,14,0,1
BRDA:527,14,1,0
BRDA:532,15,0,0
BRDA:532,15,1,0
BRDA:563,16,0,0
BRDA:563,16,1,1
BRF:34
BRH:15
end_of_record
TN:
SF:src\deleteUsers.js
FN:5,fetchUsers
FN:7,(anonymous_1)
FN:14,(anonymous_2)
FN:21,(anonymous_3)
FN:27,updateNotificationsWidget
FN:34,(anonymous_5)
FN:54,(anonymous_6)
FN:88,deleteIssue
FN:93,(anonymous_8)
FN:103,(anonymous_9)
FNF:10
FNH:2
FNDA:0,fetchUsers
FNDA:0,(anonymous_1)
FNDA:0,(anonymous_2)
FNDA:0,(anonymous_3)
FNDA:0,updateNotificationsWidget
FNDA:0,(anonymous_5)
FNDA:0,(anonymous_6)
FNDA:1,deleteIssue
FNDA:1,(anonymous_8)
FNDA:0,(anonymous_9)
DA:6,0
DA:8,0
DA:9,0
DA:11,0
DA:15,0
DA:16,0
DA:19,0
DA:22,0
DA:28,0
DA:31,0
DA:34,0
DA:35,0
DA:36,0
DA:37,0
DA:40,0
DA:49,0
DA:50,0
DA:51,0
DA:54,0
DA:56,0
DA:57,0
DA:60,0
DA:64,0
DA:67,0
DA:90,1
DA:94,1
DA:96,1
DA:97,1
DA:98,1
DA:100,0
DA:104,0
DA:109,1
LF:32
LH:6
BRDA:8,0,0,0
BRDA:8,0,1,0
BRDA:94,1,0,1
BRDA:94,1,1,0
BRF:4
BRH:1
end_of_record
