TN:
SF:src\addNewTenant.js
FN:1,submitForm
FN:40,(anonymous_1)
FN:46,(anonymous_2)
FN:57,(anonymous_3)
FN:69,(anonymous_4)
FN:73,(anonymous_5)
FNF:6
FNH:3
FNDA:5,submitForm
FNDA:1,(anonymous_1)
FNDA:1,(anonymous_2)
FNDA:0,(anonymous_3)
FNDA:0,(anonymous_4)
FNDA:0,(anonymous_5)
DA:6,5
DA:7,5
DA:8,5
DA:9,5
DA:11,5
DA:12,2
DA:15,2
DA:17,3
DA:18,2
DA:19,2
DA:23,1
DA:33,1
DA:41,1
DA:42,0
DA:44,1
DA:47,1
DA:49,1
DA:52,0
DA:58,0
DA:59,0
DA:61,0
DA:69,1
DA:70,0
DA:71,0
DA:73,0
DA:74,0
DA:77,0
DA:84,1
LF:28
LH:18
BRDA:11,0,0,2
BRDA:11,0,1,3
BRDA:17,1,0,2
BRDA:17,1,1,1
BRDA:41,2,0,0
BRDA:41,2,1,1
BRDA:47,3,0,1
BRDA:47,3,1,0
BRDA:59,4,0,0
BRDA:59,4,1,0
BRF:10
BRH:6
end_of_record
TN:
SF:src\finesIssued.js
FN:2,fetchFines
FN:4,(anonymous_1)
FN:11,(anonymous_2)
FN:16,(anonymous_3)
FN:23,updateNotificationsWidget
FN:26,(anonymous_5)
FN:34,(anonymous_6)
FN:84,(anonymous_7)
FN:94,(anonymous_8)
FN:99,(anonymous_9)
FNF:10
FNH:6
FNDA:0,fetchFines
FNDA:0,(anonymous_1)
FNDA:0,(anonymous_2)
FNDA:0,(anonymous_3)
FNDA:2,updateNotificationsWidget
FNDA:2,(anonymous_5)
FNDA:2,(anonymous_6)
FNDA:10,(anonymous_7)
FNDA:2,(anonymous_8)
FNDA:10,(anonymous_9)
DA:3,0
DA:5,0
DA:6,0
DA:8,0
DA:12,0
DA:13,0
DA:17,0
DA:26,2
DA:27,2
DA:30,2
DA:34,2
DA:35,2
DA:38,2
DA:41,2
DA:44,2
DA:47,2
DA:70,2
DA:71,2
DA:74,2
DA:77,2
DA:78,2
DA:81,2
DA:84,2
DA:85,10
DA:86,10
DA:87,10
DA:91,2
DA:94,2
DA:96,2
DA:99,2
DA:100,10
DA:101,10
DA:103,2
DA:105,8
DA:107,10
DA:111,2
DA:115,2
DA:118,1
LF:38
LH:31
BRDA:5,0,0,0
BRDA:5,0,1,0
BRDA:101,1,0,2
BRDA:101,1,1,8
BRF:4
BRH:2
end_of_record
TN:
SF:src\maintainStaff.js
FN:3,fetchTotalIssues
FN:5,(anonymous_1)
FN:12,(anonymous_2)
FN:19,(anonymous_3)
FN:24,updateTotalIssues
FN:31,(anonymous_5)
FN:51,updateNotificationsWidget
FN:58,(anonymous_7)
FN:70,(anonymous_8)
FN:85,openFeedbackModal
FN:94,(anonymous_10)
FN:106,(anonymous_11)
FNF:12
FNH:8
FNDA:1,fetchTotalIssues
FNDA:1,(anonymous_1)
FNDA:1,(anonymous_2)
FNDA:0,(anonymous_3)
FNDA:2,updateTotalIssues
FNDA:4,(anonymous_5)
FNDA:1,updateNotificationsWidget
FNDA:2,(anonymous_7)
FNDA:0,(anonymous_8)
FNDA:1,openFeedbackModal
FNDA:0,(anonymous_10)
FNDA:0,(anonymous_11)
DA:4,1
DA:6,1
DA:7,1
DA:9,0
DA:13,1
DA:14,1
DA:17,1
DA:20,0
DA:25,2
DA:28,2
DA:31,2
DA:32,4
DA:33,4
DA:34,4
DA:37,4
DA:40,4
DA:52,1
DA:55,1
DA:58,1
DA:59,2
DA:60,2
DA:61,2
DA:64,2
DA:67,2
DA:68,2
DA:69,2
DA:70,2
DA:71,0
DA:72,0
DA:74,0
DA:78,2
DA:81,2
DA:86,1
DA:87,1
DA:90,1
DA:91,1
DA:94,1
DA:95,0
DA:96,0
DA:99,0
DA:102,0
DA:106,1
DA:107,0
DA:108,0
DA:113,1
LF:45
LH:34
BRDA:6,0,0,1
BRDA:6,0,1,0
BRDA:107,1,0,0
BRDA:107,1,1,0
BRF:4
BRH:1
end_of_record
